DATE IS: Tue May 16 2017 23:24:39 GMT-0400 (EDT): GET /about
DATE IS: Tue May 16 2017 23:24:40 GMT-0400 (EDT): GET /
DATE IS: Tue May 16 2017 23:25:14 GMT-0400 (EDT): GET /about
DATE IS: Tue May 16 2017 23:26:08 GMT-0400 (EDT): GET /about
DATE IS: Tue May 16 2017 23:26:56 GMT-0400 (EDT): GET /about
DATE IS: Tue May 16 2017 23:27:56 GMT-0400 (EDT): GET /about
DATE IS: Tue May 16 2017 23:28:26 GMT-0400 (EDT): GET /about
DATE IS: Tue May 16 2017 23:28:36 GMT-0400 (EDT): GET /about
DATE IS: Tue May 16 2017 23:28:45 GMT-0400 (EDT): GET /about
DATE IS: Tue May 16 2017 23:28:50 GMT-0400 (EDT): GET /about
DATE IS: Tue May 16 2017 23:33:28 GMT-0400 (EDT): GET /about
DATE IS: Tue May 16 2017 23:34:14 GMT-0400 (EDT): GET /about
DATE IS: Tue May 16 2017 23:35:17 GMT-0400 (EDT): GET /about
DATE IS: Tue May 16 2017 23:35:20 GMT-0400 (EDT): GET /help
DATE IS: Tue May 16 2017 23:35:54 GMT-0400 (EDT): GET /help
DATE IS: Tue May 16 2017 23:35:58 GMT-0400 (EDT): GET /help
DATE IS: Tue May 16 2017 23:36:01 GMT-0400 (EDT): GET /
DATE IS: Mon May 22 2017 17:07:23 GMT-0400 (EDT): GET /
DATE IS: Mon May 22 2017 17:07:32 GMT-0400 (EDT): GET /friends
DATE IS: Mon May 22 2017 17:07:52 GMT-0400 (EDT): GET /friends
DATE IS: Mon May 22 2017 17:08:23 GMT-0400 (EDT): GET /friends
DATE IS: Mon May 22 2017 17:08:51 GMT-0400 (EDT): GET /friends
DATE IS: Mon May 22 2017 17:10:05 GMT-0400 (EDT): GET /friends
DATE IS: Mon May 22 2017 17:10:06 GMT-0400 (EDT): GET /friends
DATE IS: Mon May 22 2017 17:10:16 GMT-0400 (EDT): GET /friends
DATE IS: Mon May 22 2017 17:10:17 GMT-0400 (EDT): GET /friends
DATE IS: Mon May 22 2017 17:10:17 GMT-0400 (EDT): GET /friends
DATE IS: Mon May 22 2017 17:10:17 GMT-0400 (EDT): GET /friends
DATE IS: Mon May 22 2017 17:10:18 GMT-0400 (EDT): GET /friends
DATE IS: Mon May 22 2017 17:10:18 GMT-0400 (EDT): GET /friends
DATE IS: Mon May 22 2017 17:10:18 GMT-0400 (EDT): GET /friends
DATE IS: Mon May 22 2017 17:10:18 GMT-0400 (EDT): GET /friends
DATE IS: Mon May 22 2017 17:10:18 GMT-0400 (EDT): GET /friends
DATE IS: Mon May 22 2017 17:10:18 GMT-0400 (EDT): GET /friends
DATE IS: Mon May 22 2017 17:11:52 GMT-0400 (EDT): GET /friends
DATE IS: Mon May 22 2017 17:11:53 GMT-0400 (EDT): GET /friends
DATE IS: Mon May 22 2017 17:11:54 GMT-0400 (EDT): GET /friends
DATE IS: Mon May 22 2017 17:11:54 GMT-0400 (EDT): GET /friends
DATE IS: Mon May 22 2017 17:11:54 GMT-0400 (EDT): GET /friends
DATE IS: Mon May 22 2017 17:11:54 GMT-0400 (EDT): GET /friends
DATE IS: Mon May 22 2017 17:11:54 GMT-0400 (EDT): GET /friends
DATE IS: Mon May 22 2017 17:11:55 GMT-0400 (EDT): GET /friends
DATE IS: Mon May 22 2017 17:11:55 GMT-0400 (EDT): GET /friends
DATE IS: Mon May 22 2017 17:12:06 GMT-0400 (EDT): GET /friends
DATE IS: Mon May 22 2017 17:12:16 GMT-0400 (EDT): GET /friends
DATE IS: Mon May 22 2017 17:12:42 GMT-0400 (EDT): GET /friends
DATE IS: Mon May 22 2017 17:12:43 GMT-0400 (EDT): GET /friends
DATE IS: Mon May 22 2017 17:12:47 GMT-0400 (EDT): GET /friends
DATE IS: Mon May 22 2017 17:12:49 GMT-0400 (EDT): GET /friends
DATE IS: Mon May 22 2017 17:12:50 GMT-0400 (EDT): GET /friends
DATE IS: Mon May 22 2017 17:13:06 GMT-0400 (EDT): GET /friends
DATE IS: Mon May 22 2017 17:13:07 GMT-0400 (EDT): GET /
DATE IS: Mon May 22 2017 17:13:08 GMT-0400 (EDT): GET /
DATE IS: Mon May 22 2017 17:13:20 GMT-0400 (EDT): GET /
DATE IS: Mon May 22 2017 17:13:30 GMT-0400 (EDT): GET /about
